#
# There is insufficient memory for the Java Runtime Environment to continue.
# Native memory allocation (malloc) failed to allocate 1048576 bytes for AllocateHeap
# Possible reasons:
#   The system is out of physical RAM or swap space
#   The process is running with CompressedOops enabled, and the Java Heap may be blocking the growth of the native heap
# Possible solutions:
#   Reduce memory load on the system
#   Increase physical memory or swap space
#   Check if swap backing store is full
#   Decrease Java heap size (-Xmx/-Xms)
#   Decrease number of Java threads
#   Decrease Java thread stack sizes (-Xss)
#   Set larger code cache with -XX:ReservedCodeCacheSize=
#   JVM is running with Unscaled Compressed Oops mode in which the Java heap is
#     placed in the first 4GB address space. The Java Heap base address is the
#     maximum limit for the native heap growth. Please use -XX:HeapBaseMinAddress
#     to set the Java Heap base and to place the Java Heap above 4GB virtual address.
# This output file may be truncated or incomplete.
#
#  Out of Memory Error (allocation.cpp:44), pid=1948, tid=16736
#
# JRE version: OpenJDK Runtime Environment Temurin-17.0.6+10 (17.0.6+10) (build 17.0.6+10)
# Java VM: OpenJDK 64-Bit Server VM Temurin-17.0.6+10 (17.0.6+10, mixed mode, emulated-client, tiered, compressed oops, compressed class ptrs, g1 gc, windows-amd64)
# No core dump will be written. Minidumps are not enabled by default on client versions of Windows
#

---------------  S U M M A R Y ------------

Command Line: -XX:+HeapDumpOnOutOfMemoryError -Xmx1024m -Dsts.lsp.client=vscode -Dsts.log.file=/dev/null -XX:TieredStopAtLevel=1 -Xlog:jni+resolve=off -Dspring.config.location=file:c:\Users\Ruan\.vscode\extensions\vmware.vscode-spring-boot-1.45.0\language-server\BOOT-INF\classes\application.properties org.springframework.ide.vscode.boot.app.BootLanguageServerBootApp

Host: Intel(R) Core(TM) i5-4590 CPU @ 3.30GHz, 4 cores, 7G,  Windows 10 , 64 bit Build 19041 (10.0.19041.2546)
Time: Thu Mar 23 14:08:22 2023 Hora oficial do Brasil elapsed time: 692.109724 seconds (0d 0h 11m 32s)

---------------  T H R E A D  ---------------

Current thread (0x000002bbc8ee2270):  VMThread "VM Thread" [stack: 0x000000e2cc000000,0x000000e2cc100000] [id=16736]

Stack: [0x000000e2cc000000,0x000000e2cc100000]
Native frames: (J=compiled Java code, j=interpreted, Vv=VM code, C=native code)
V  [jvm.dll+0x67741a]
V  [jvm.dll+0x834434]
V  [jvm.dll+0x835bde]
V  [jvm.dll+0x836243]
V  [jvm.dll+0x2457b5]
V  [jvm.dll+0xa626f]
V  [jvm.dll+0x2f5ad3]
V  [jvm.dll+0x2f17e0]
V  [jvm.dll+0x2d9ee7]
V  [jvm.dll+0x31ce67]
V  [jvm.dll+0x83a6eb]
V  [jvm.dll+0x83b424]
V  [jvm.dll+0x83b93c]
V  [jvm.dll+0x83bd14]
V  [jvm.dll+0x83bde0]
V  [jvm.dll+0x7e483a]
V  [jvm.dll+0x6762c5]
C  [ucrtbase.dll+0x21bb2]
C  [KERNEL32.DLL+0x17614]
C  [ntdll.dll+0x526a1]

VM_Operation (0x000000e2cd3fedf0): G1CollectFull, mode: safepoint, requested by thread 0x000002bbcb8d9420


---------------  P R O C E S S  ---------------

Threads class SMR info:
_java_thread_list=0x000002bbca13ee70, length=17, elements={
0x000002bbc8f136e0, 0x000002bbc8efbc30, 0x000002bbc8f3fbc0, 0x000002bbc8f40740,
0x000002bbc8f42100, 0x000002bbc8f43250, 0x000002bbc8f43cb0, 0x000002bbc8f4c350,
0x000002bbc9b30310, 0x000002bbc9b34c40, 0x000002bbcb8d8f50, 0x000002bbcb87b440,
0x000002bbcb8d9420, 0x000002bbca450440, 0x000002bbbe9a19b0, 0x000002bbcb4b22a0,
0x000002bbca283e90
}

Java Threads: ( => current thread )
  0x000002bbc8f136e0 JavaThread "Reference Handler" daemon [_thread_blocked, id=16260, stack(0x000000e2cc100000,0x000000e2cc200000)]
  0x000002bbc8efbc30 JavaThread "Finalizer" daemon [_thread_blocked, id=16664, stack(0x000000e2cc200000,0x000000e2cc300000)]
  0x000002bbc8f3fbc0 JavaThread "Signal Dispatcher" daemon [_thread_blocked, id=11544, stack(0x000000e2cc300000,0x000000e2cc400000)]
  0x000002bbc8f40740 JavaThread "Attach Listener" daemon [_thread_blocked, id=14940, stack(0x000000e2cc400000,0x000000e2cc500000)]
  0x000002bbc8f42100 JavaThread "Service Thread" daemon [_thread_blocked, id=11856, stack(0x000000e2cc500000,0x000000e2cc600000)]
  0x000002bbc8f43250 JavaThread "Monitor Deflation Thread" daemon [_thread_blocked, id=15456, stack(0x000000e2cc600000,0x000000e2cc700000)]
  0x000002bbc8f43cb0 JavaThread "C1 CompilerThread0" daemon [_thread_blocked, id=5888, stack(0x000000e2cc700000,0x000000e2cc800000)]
  0x000002bbc8f4c350 JavaThread "Sweeper thread" daemon [_thread_blocked, id=16792, stack(0x000000e2cc800000,0x000000e2cc900000)]
  0x000002bbc9b30310 JavaThread "Notification Thread" daemon [_thread_blocked, id=16500, stack(0x000000e2ccb00000,0x000000e2ccc00000)]
  0x000002bbc9b34c40 JavaThread "Common-Cleaner" daemon [_thread_blocked, id=15972, stack(0x000000e2ccd00000,0x000000e2cce00000)]
  0x000002bbcb8d8f50 JavaThread "boundedElastic-evictor-1" daemon [_thread_blocked, id=14508, stack(0x000000e2cd100000,0x000000e2cd200000)]
  0x000002bbcb87b440 JavaThread "boundedElastic-evictor-2" daemon [_thread_blocked, id=8080, stack(0x000000e2cd200000,0x000000e2cd300000)]
  0x000002bbcb8d9420 JavaThread "pool-10-thread-1" [_thread_blocked, id=13920, stack(0x000000e2cd300000,0x000000e2cd400000)]
  0x000002bbca450440 JavaThread "LanguageServerApp-lifecycle" [_thread_blocked, id=3196, stack(0x000000e2cd400000,0x000000e2cd500000)]
  0x000002bbbe9a19b0 JavaThread "DestroyJavaVM" [_thread_blocked, id=13268, stack(0x000000e2cba00000,0x000000e2cbb00000)]
  0x000002bbcb4b22a0 JavaThread "pool-11-thread-1" [_thread_in_native, id=15328, stack(0x000000e2cd500000,0x000000e2cd600000)]
  0x000002bbca283e90 JavaThread "Simple-Language-Server main thread" daemon [_thread_blocked, id=10124, stack(0x000000e2cd600000,0x000000e2cd700000)]

Other Threads:
=>0x000002bbc8ee2270 VMThread "VM Thread" [stack: 0x000000e2cc000000,0x000000e2cc100000] [id=16736]
  0x000002bbc9b327f0 WatcherThread [stack: 0x000000e2ccc00000,0x000000e2ccd00000] [id=8308]
  0x000002bbbe9e2520 GCTaskThread "GC Thread#0" [stack: 0x000000e2cbb00000,0x000000e2cbc00000] [id=10652]
  0x000002bbca13cf90 GCTaskThread "GC Thread#1" [stack: 0x000000e2cce00000,0x000000e2ccf00000] [id=13660]
  0x000002bbca13d240 GCTaskThread "GC Thread#2" [stack: 0x000000e2ccf00000,0x000000e2cd000000] [id=12256]
  0x000002bbcb02f870 GCTaskThread "GC Thread#3" [stack: 0x000000e2cd000000,0x000000e2cd100000] [id=9532]
  0x000002bbbe9eb460 ConcurrentGCThread "G1 Main Marker" [stack: 0x000000e2cbc00000,0x000000e2cbd00000] [id=7664]
  0x000002bbbe9ebe70 ConcurrentGCThread "G1 Conc#0" [stack: 0x000000e2cbd00000,0x000000e2cbe00000] [id=17280]
  0x000002bbbea64740 ConcurrentGCThread "G1 Refine#0" [stack: 0x000000e2cbe00000,0x000000e2cbf00000] [id=11144]
  0x000002bbbea66170 ConcurrentGCThread "G1 Service" [stack: 0x000000e2cbf00000,0x000000e2cc000000] [id=6956]

Threads with active compile tasks:

VM state: at safepoint (normal execution)

VM Mutex/Monitor currently owned by a thread:  ([mutex/lock_event])
[0x000002bbbc7e7a10] Threads_lock - owner thread: 0x000002bbc8ee2270
[0x000002bbbe99f730] Heap_lock - owner thread: 0x000002bbcb8d9420

Heap address: 0x00000000c0000000, size: 1024 MB, Compressed Oops mode: 32-bit

CDS archive(s) not mapped
Compressed class space mapped at: 0x0000000100000000-0x0000000140000000, reserved size: 1073741824
Narrow klass base: 0x0000000000000000, Narrow klass shift: 3, Narrow klass range: 0x140000000

GC Precious Log:
 CPUs: 4 total, 4 available
 Memory: 8086M
 Large Page Support: Disabled
 NUMA Support: Disabled
 Compressed Oops: Enabled (32-bit)
 Heap Region Size: 1M
 Heap Min Capacity: 8M
 Heap Initial Capacity: 128M
 Heap Max Capacity: 1G
 Pre-touch: Disabled
 Parallel Workers: 4
 Concurrent Workers: 1
 Concurrent Refinement Workers: 4
 Periodic GC: Disabled

Heap:
 garbage-first heap   total 48128K, used 14065K [0x00000000c0000000, 0x0000000100000000)
  region size 1024K, 1 young (1024K), 0 survivors (0K)
 Metaspace       used 34424K, committed 34880K, reserved 1081344K
  class space    used 4463K, committed 4672K, reserved 1048576K

Heap Regions: E=young(eden), S=young(survivor), O=old, HS=humongous(starts), HC=humongous(continues), CS=collection set, F=free, OA=open archive, CA=closed archive, TAMS=top-at-mark-start (previous, next)
|   0|0x00000000c0000000, 0x00000000c0100000, 0x00000000c0100000|100%| O|  |TAMS 0x00000000c0100000, 0x00000000c0000000| Untracked 
|   1|0x00000000c0100000, 0x00000000c01ff220, 0x00000000c0200000| 99%| O|  |TAMS 0x00000000c01ff220, 0x00000000c0100000| Untracked 
|   2|0x00000000c0200000, 0x00000000c0300000, 0x00000000c0300000|100%| O|  |TAMS 0x00000000c0300000, 0x00000000c0200000| Untracked 
|   3|0x00000000c0300000, 0x00000000c0400000, 0x00000000c0400000|100%| O|  |TAMS 0x00000000c0400000, 0x00000000c0300000| Untracked 
|   4|0x00000000c0400000, 0x00000000c0500000, 0x00000000c0500000|100%| O|  |TAMS 0x00000000c0500000, 0x00000000c0400000| Untracked 
|   5|0x00000000c0500000, 0x00000000c05fffe8, 0x00000000c0600000| 99%| O|  |TAMS 0x00000000c05fffe8, 0x00000000c0500000| Untracked 
|   6|0x00000000c0600000, 0x00000000c06fffe0, 0x00000000c0700000| 99%| O|  |TAMS 0x00000000c06fffe0, 0x00000000c0600000| Untracked 
|   7|0x00000000c0700000, 0x00000000c07ffff8, 0x00000000c0800000| 99%| O|  |TAMS 0x00000000c07ffff8, 0x00000000c0700000| Untracked 
|   8|0x00000000c0800000, 0x00000000c08fff98, 0x00000000c0900000| 99%| O|  |TAMS 0x00000000c08fff98, 0x00000000c0800000| Untracked 
|   9|0x00000000c0900000, 0x00000000c09ffff8, 0x00000000c0a00000| 99%| O|  |TAMS 0x00000000c09ffff8, 0x00000000c0900000| Untracked 
|  10|0x00000000c0a00000, 0x00000000c0afffc8, 0x00000000c0b00000| 99%| O|  |TAMS 0x00000000c0afffc8, 0x00000000c0a00000| Untracked 
|  11|0x00000000c0b00000, 0x00000000c0bffff0, 0x00000000c0c00000| 99%| O|  |TAMS 0x00000000c0bffff0, 0x00000000c0b00000| Untracked 
|  12|0x00000000c0c00000, 0x00000000c0d00000, 0x00000000c0d00000|100%| O|  |TAMS 0x00000000c0d00000, 0x00000000c0c00000| Untracked 
|  13|0x00000000c0d00000, 0x00000000c0dbb220, 0x00000000c0e00000| 73%| O|  |TAMS 0x00000000c0d00000, 0x00000000c0d00000| Untracked 
|  14|0x00000000c0e00000, 0x00000000c0e022b8, 0x00000000c0f00000|  0%| O|  |TAMS 0x00000000c0e00000, 0x00000000c0e00000| Untracked 
|  15|0x00000000c0f00000, 0x00000000c0f00000, 0x00000000c1000000|  0%| F|  |TAMS 0x00000000c0f00000, 0x00000000c0f00000| Untracked 
|  16|0x00000000c1000000, 0x00000000c1000000, 0x00000000c1100000|  0%| F|  |TAMS 0x00000000c1000000, 0x00000000c1000000| Untracked 
|  17|0x00000000c1100000, 0x00000000c1100000, 0x00000000c1200000|  0%| F|  |TAMS 0x00000000c1100000, 0x00000000c1100000| Untracked 
|  18|0x00000000c1200000, 0x00000000c1200000, 0x00000000c1300000|  0%| F|  |TAMS 0x00000000c1200000, 0x00000000c1200000| Untracked 
|  19|0x00000000c1300000, 0x00000000c1300000, 0x00000000c1400000|  0%| F|  |TAMS 0x00000000c1300000, 0x00000000c1300000| Untracked 
|  20|0x00000000c1400000, 0x00000000c1400000, 0x00000000c1500000|  0%| F|  |TAMS 0x00000000c1400000, 0x00000000c1400000| Untracked 
|  21|0x00000000c1500000, 0x00000000c1500000, 0x00000000c1600000|  0%| F|  |TAMS 0x00000000c1500000, 0x00000000c1500000| Untracked 
|  22|0x00000000c1600000, 0x00000000c1600000, 0x00000000c1700000|  0%| F|  |TAMS 0x00000000c1600000, 0x00000000c1600000| Untracked 
|  23|0x00000000c1700000, 0x00000000c1700000, 0x00000000c1800000|  0%| F|  |TAMS 0x00000000c1700000, 0x00000000c1700000| Untracked 
|  24|0x00000000c1800000, 0x00000000c1800000, 0x00000000c1900000|  0%| F|  |TAMS 0x00000000c1800000, 0x00000000c1800000| Untracked 
|  25|0x00000000c1900000, 0x00000000c1900000, 0x00000000c1a00000|  0%| F|  |TAMS 0x00000000c1900000, 0x00000000c1900000| Untracked 
|  26|0x00000000c1a00000, 0x00000000c1a00000, 0x00000000c1b00000|  0%| F|  |TAMS 0x00000000c1a00000, 0x00000000c1a00000| Untracked 
|  27|0x00000000c1b00000, 0x00000000c1b00000, 0x00000000c1c00000|  0%| F|  |TAMS 0x00000000c1b00000, 0x00000000c1b00000| Untracked 
|  28|0x00000000c1c00000, 0x00000000c1c00000, 0x00000000c1d00000|  0%| F|  |TAMS 0x00000000c1c00000, 0x00000000c1c00000| Untracked 
|  29|0x00000000c1d00000, 0x00000000c1d00000, 0x00000000c1e00000|  0%| F|  |TAMS 0x00000000c1d00000, 0x00000000c1d00000| Untracked 
|  30|0x00000000c1e00000, 0x00000000c1e00000, 0x00000000c1f00000|  0%| F|  |TAMS 0x00000000c1e00000, 0x00000000c1e00000| Untracked 
|  31|0x00000000c1f00000, 0x00000000c1f00000, 0x00000000c2000000|  0%| F|  |TAMS 0x00000000c1f00000, 0x00000000c1f00000| Untracked 
|  32|0x00000000c2000000, 0x00000000c2000000, 0x00000000c2100000|  0%| F|  |TAMS 0x00000000c2000000, 0x00000000c2000000| Untracked 
|  33|0x00000000c2100000, 0x00000000c2100000, 0x00000000c2200000|  0%| F|  |TAMS 0x00000000c2100000, 0x00000000c2100000| Untracked 
|  34|0x00000000c2200000, 0x00000000c2200000, 0x00000000c2300000|  0%| F|  |TAMS 0x00000000c2200000, 0x00000000c2200000| Untracked 
|  35|0x00000000c2300000, 0x00000000c2300000, 0x00000000c2400000|  0%| F|  |TAMS 0x00000000c2300000, 0x00000000c2300000| Untracked 
|  36|0x00000000c2400000, 0x00000000c2400000, 0x00000000c2500000|  0%| F|  |TAMS 0x00000000c2400000, 0x00000000c2400000| Untracked 
|  37|0x00000000c2500000, 0x00000000c2500000, 0x00000000c2600000|  0%| F|  |TAMS 0x00000000c2500000, 0x00000000c2500000| Untracked 
|  38|0x00000000c2600000, 0x00000000c2600000, 0x00000000c2700000|  0%| F|  |TAMS 0x00000000c2600000, 0x00000000c2600000| Untracked 
|  39|0x00000000c2700000, 0x00000000c2700000, 0x00000000c2800000|  0%| F|  |TAMS 0x00000000c2700000, 0x00000000c2700000| Untracked 
|  98|0x00000000c6200000, 0x00000000c6200000, 0x00000000c6300000|  0%| F|  |TAMS 0x00000000c6200000, 0x00000000c6200000| Untracked 
|  99|0x00000000c6300000, 0x00000000c6300000, 0x00000000c6400000|  0%| F|  |TAMS 0x00000000c6300000, 0x00000000c6300000| Untracked 
| 100|0x00000000c6400000, 0x00000000c6400000, 0x00000000c6500000|  0%| F|  |TAMS 0x00000000c6400000, 0x00000000c6400000| Untracked 
| 104|0x00000000c6800000, 0x00000000c6800000, 0x00000000c6900000|  0%| F|  |TAMS 0x00000000c6800000, 0x00000000c6800000| Untracked 
| 105|0x00000000c6900000, 0x00000000c6900000, 0x00000000c6a00000|  0%| F|  |TAMS 0x00000000c6900000, 0x00000000c6900000| Untracked 
| 126|0x00000000c7e00000, 0x00000000c7e00000, 0x00000000c7f00000|  0%| F|  |TAMS 0x00000000c7e00000, 0x00000000c7e00000| Untracked 
| 127|0x00000000c7f00000, 0x00000000c7f247e8, 0x00000000c8000000| 14%| E|  |TAMS 0x00000000c7f00000, 0x00000000c7f00000| Complete 

Card table byte_map: [0x000002bbc4630000,0x000002bbc4830000] _byte_map_base: 0x000002bbc4030000

Marking Bits (Prev, Next): (CMBitMap*) 0x000002bbbe9e2b30, (CMBitMap*) 0x000002bbbe9e2b70
 Prev Bits: [0x000002bbc4a30000, 0x000002bbc5a30000)
 Next Bits: [0x000002bbc5a30000, 0x000002bbc6a30000)

Polling page: 0x000002bbbe170000

Metaspace:

Usage:
  Non-class:     29.26 MB used.
      Class:      4.36 MB used.
       Both:     33.62 MB used.

Virtual space:
  Non-class space:       32.00 MB reserved,      29.50 MB ( 92%) committed,  4 nodes.
      Class space:        1.00 GB reserved,       4.56 MB ( <1%) committed,  1 nodes.
             Both:        1.03 GB reserved,      34.06 MB (  3%) committed. 

Chunk freelists:
   Non-Class:  2.44 MB
       Class:  3.35 MB
        Both:  5.79 MB

MaxMetaspaceSize: unlimited
CompressedClassSpaceSize: 1.00 GB
Initial GC threshold: 21.00 MB
Current GC threshold: 56.81 MB
CDS: off
MetaspaceReclaimPolicy: balanced
 - commit_granule_bytes: 65536.
 - commit_granule_words: 8192.
 - virtual_space_node_default_size: 1048576.
 - enlarge_chunks_in_place: 1.
 - new_chunks_are_fully_committed: 0.
 - uncommit_free_chunks: 1.
 - use_allocation_guard: 0.
 - handle_deallocations: 1.


Internal statistics:

num_allocs_failed_limit: 5.
num_arena_births: 436.
num_arena_deaths: 120.
num_vsnodes_births: 5.
num_vsnodes_deaths: 0.
num_space_committed: 545.
num_space_uncommitted: 0.
num_chunks_returned_to_freelist: 139.
num_chunks_taken_from_freelist: 1436.
num_chunk_merges: 46.
num_chunk_splits: 983.
num_chunks_enlarged: 732.
num_purges: 2.
num_inconsistent_stats: 0.

CodeCache: size=49152Kb used=6161Kb max_used=7251Kb free=42990Kb
 bounds [0x000002bbc1630000, 0x000002bbc1d50000, 0x000002bbc4630000]
 total_blobs=3765 nmethods=3234 adapters=457
 compilation: enabled
              stopped_count=0, restarted_count=0
 full_count=0

Compilation events (20 events):
Event: 390.898 Thread 0x000002bbc8f43cb0 3223       1       jdk.internal.misc.Unsafe::putReferenceOpaque (9 bytes)
Event: 390.898 Thread 0x000002bbc8f43cb0 nmethod 3223 0x000002bbc17ce790 code [0x000002bbc17ce920, 0x000002bbc17cea38]
Event: 396.836 Thread 0x000002bbc8f43cb0 3224       1       java.lang.System::getProperty (25 bytes)
Event: 396.838 Thread 0x000002bbc8f43cb0 nmethod 3224 0x000002bbc17ce190 code [0x000002bbc17ce360, 0x000002bbc17ce5d8]
Event: 397.001 Thread 0x000002bbc8f43cb0 3225       1       java.util.concurrent.locks.LockSupport::setBlocker (12 bytes)
Event: 397.002 Thread 0x000002bbc8f43cb0 nmethod 3225 0x000002bbc17cde90 code [0x000002bbc17ce020, 0x000002bbc17ce118]
Event: 417.342 Thread 0x000002bbc8f43cb0 3226       1       java.util.concurrent.locks.ReentrantLock$Sync::isHeldExclusively (16 bytes)
Event: 417.342 Thread 0x000002bbc8f43cb0 nmethod 3226 0x000002bbc17cdb90 code [0x000002bbc17cdd20, 0x000002bbc17cde18]
Event: 420.904 Thread 0x000002bbc8f43cb0 3227       1       java.util.concurrent.locks.AbstractQueuedSynchronizer$ConditionObject::canReacquire (28 bytes)
Event: 420.905 Thread 0x000002bbc8f43cb0 nmethod 3227 0x000002bbc17cd790 code [0x000002bbc17cd920, 0x000002bbc17cda78]
Event: 430.840 Thread 0x000002bbc8f43cb0 3228       1       java.util.concurrent.ThreadPoolExecutor::getQueue (5 bytes)
Event: 430.841 Thread 0x000002bbc8f43cb0 nmethod 3228 0x000002bbc17cd490 code [0x000002bbc17cd620, 0x000002bbc17cd6f8]
Event: 437.500 Thread 0x000002bbc8f43cb0 3229       1       java.util.concurrent.ScheduledThreadPoolExecutor$DelayedWorkQueue::setIndex (16 bytes)
Event: 437.500 Thread 0x000002bbc8f43cb0 nmethod 3229 0x000002bbc17cd110 code [0x000002bbc17cd2a0, 0x000002bbc17cd3b8]
Event: 437.668 Thread 0x000002bbc8f43cb0 3230       1       java.util.concurrent.ScheduledThreadPoolExecutor$ScheduledFutureTask::getDelay (16 bytes)
Event: 437.669 Thread 0x000002bbc8f43cb0 nmethod 3230 0x000002bbc17ccd90 code [0x000002bbc17ccf20, 0x000002bbc17cd048]
Event: 437.669 Thread 0x000002bbc8f43cb0 3231       1       java.util.concurrent.TimeUnit::convert (77 bytes)
Event: 437.669 Thread 0x000002bbc8f43cb0 nmethod 3231 0x000002bbc17cc790 code [0x000002bbc17cc980, 0x000002bbc17ccc08]
Event: 447.676 Thread 0x000002bbc8f43cb0 3232       1       java.lang.invoke.LambdaForm$MH/0x000000010008bc00::invoke (148 bytes)
Event: 447.677 Thread 0x000002bbc8f43cb0 nmethod 3232 0x000002bbc17cbd10 code [0x000002bbc17cbf40, 0x000002bbc17cc348]

GC Heap History (20 events):
Event: 590.275 GC heap before
{Heap before GC invocations=62 (full 53):
 garbage-first heap   total 48128K, used 14065K [0x00000000c0000000, 0x0000000100000000)
  region size 1024K, 1 young (1024K), 0 survivors (0K)
 Metaspace       used 34424K, committed 34880K, reserved 1081344K
  class space    used 4463K, committed 4672K, reserved 1048576K
}
Event: 590.292 GC heap after
{Heap after GC invocations=63 (full 54):
 garbage-first heap   total 48128K, used 14065K [0x00000000c0000000, 0x0000000100000000)
  region size 1024K, 0 young (0K), 0 survivors (0K)
 Metaspace       used 34424K, committed 34880K, reserved 1081344K
  class space    used 4463K, committed 4672K, reserved 1048576K
}
Event: 600.446 GC heap before
{Heap before GC invocations=63 (full 54):
 garbage-first heap   total 48128K, used 14065K [0x00000000c0000000, 0x0000000100000000)
  region size 1024K, 1 young (1024K), 0 survivors (0K)
 Metaspace       used 34424K, committed 34880K, reserved 1081344K
  class space    used 4463K, committed 4672K, reserved 1048576K
}
Event: 600.465 GC heap after
{Heap after GC invocations=64 (full 55):
 garbage-first heap   total 48128K, used 14065K [0x00000000c0000000, 0x0000000100000000)
  region size 1024K, 0 young (0K), 0 survivors (0K)
 Metaspace       used 34424K, committed 34880K, reserved 1081344K
  class space    used 4463K, committed 4672K, reserved 1048576K
}
Event: 610.628 GC heap before
{Heap before GC invocations=64 (full 55):
 garbage-first heap   total 48128K, used 14065K [0x00000000c0000000, 0x0000000100000000)
  region size 1024K, 1 young (1024K), 0 survivors (0K)
 Metaspace       used 34424K, committed 34880K, reserved 1081344K
  class space    used 4463K, committed 4672K, reserved 1048576K
}
Event: 610.647 GC heap after
{Heap after GC invocations=65 (full 56):
 garbage-first heap   total 48128K, used 14065K [0x00000000c0000000, 0x0000000100000000)
  region size 1024K, 0 young (0K), 0 survivors (0K)
 Metaspace       used 34424K, committed 34880K, reserved 1081344K
  class space    used 4463K, committed 4672K, reserved 1048576K
}
Event: 620.872 GC heap before
{Heap before GC invocations=65 (full 56):
 garbage-first heap   total 48128K, used 14065K [0x00000000c0000000, 0x0000000100000000)
  region size 1024K, 1 young (1024K), 0 survivors (0K)
 Metaspace       used 34424K, committed 34880K, reserved 1081344K
  class space    used 4463K, committed 4672K, reserved 1048576K
}
Event: 620.891 GC heap after
{Heap after GC invocations=66 (full 57):
 garbage-first heap   total 48128K, used 14065K [0x00000000c0000000, 0x0000000100000000)
  region size 1024K, 0 young (0K), 0 survivors (0K)
 Metaspace       used 34424K, committed 34880K, reserved 1081344K
  class space    used 4463K, committed 4672K, reserved 1048576K
}
Event: 631.077 GC heap before
{Heap before GC invocations=66 (full 57):
 garbage-first heap   total 48128K, used 14065K [0x00000000c0000000, 0x0000000100000000)
  region size 1024K, 1 young (1024K), 0 survivors (0K)
 Metaspace       used 34424K, committed 34880K, reserved 1081344K
  class space    used 4463K, committed 4672K, reserved 1048576K
}
Event: 631.096 GC heap after
{Heap after GC invocations=67 (full 58):
 garbage-first heap   total 48128K, used 14065K [0x00000000c0000000, 0x0000000100000000)
  region size 1024K, 0 young (0K), 0 survivors (0K)
 Metaspace       used 34424K, committed 34880K, reserved 1081344K
  class space    used 4463K, committed 4672K, reserved 1048576K
}
Event: 641.248 GC heap before
{Heap before GC invocations=67 (full 58):
 garbage-first heap   total 48128K, used 14065K [0x00000000c0000000, 0x0000000100000000)
  region size 1024K, 1 young (1024K), 0 survivors (0K)
 Metaspace       used 34424K, committed 34880K, reserved 1081344K
  class space    used 4463K, committed 4672K, reserved 1048576K
}
Event: 641.268 GC heap after
{Heap after GC invocations=68 (full 59):
 garbage-first heap   total 48128K, used 14065K [0x00000000c0000000, 0x0000000100000000)
  region size 1024K, 0 young (0K), 0 survivors (0K)
 Metaspace       used 34424K, committed 34880K, reserved 1081344K
  class space    used 4463K, committed 4672K, reserved 1048576K
}
Event: 651.424 GC heap before
{Heap before GC invocations=68 (full 59):
 garbage-first heap   total 48128K, used 14065K [0x00000000c0000000, 0x0000000100000000)
  region size 1024K, 1 young (1024K), 0 survivors (0K)
 Metaspace       used 34424K, committed 34880K, reserved 1081344K
  class space    used 4463K, committed 4672K, reserved 1048576K
}
Event: 651.442 GC heap after
{Heap after GC invocations=69 (full 60):
 garbage-first heap   total 48128K, used 14065K [0x00000000c0000000, 0x0000000100000000)
  region size 1024K, 0 young (0K), 0 survivors (0K)
 Metaspace       used 34424K, committed 34880K, reserved 1081344K
  class space    used 4463K, committed 4672K, reserved 1048576K
}
Event: 661.601 GC heap before
{Heap before GC invocations=69 (full 60):
 garbage-first heap   total 48128K, used 14065K [0x00000000c0000000, 0x0000000100000000)
  region size 1024K, 1 young (1024K), 0 survivors (0K)
 Metaspace       used 34424K, committed 34880K, reserved 1081344K
  class space    used 4463K, committed 4672K, reserved 1048576K
}
Event: 661.620 GC heap after
{Heap after GC invocations=70 (full 61):
 garbage-first heap   total 48128K, used 14065K [0x00000000c0000000, 0x0000000100000000)
  region size 1024K, 0 young (0K), 0 survivors (0K)
 Metaspace       used 34424K, committed 34880K, reserved 1081344K
  class space    used 4463K, committed 4672K, reserved 1048576K
}
Event: 671.778 GC heap before
{Heap before GC invocations=70 (full 61):
 garbage-first heap   total 48128K, used 14065K [0x00000000c0000000, 0x0000000100000000)
  region size 1024K, 1 young (1024K), 0 survivors (0K)
 Metaspace       used 34424K, committed 34880K, reserved 1081344K
  class space    used 4463K, committed 4672K, reserved 1048576K
}
Event: 671.798 GC heap after
{Heap after GC invocations=71 (full 62):
 garbage-first heap   total 48128K, used 14065K [0x00000000c0000000, 0x0000000100000000)
  region size 1024K, 0 young (0K), 0 survivors (0K)
 Metaspace       used 34424K, committed 34880K, reserved 1081344K
  class space    used 4463K, committed 4672K, reserved 1048576K
}
Event: 681.999 GC heap before
{Heap before GC invocations=71 (full 62):
 garbage-first heap   total 48128K, used 14065K [0x00000000c0000000, 0x0000000100000000)
  region size 1024K, 1 young (1024K), 0 survivors (0K)
 Metaspace       used 34424K, committed 34880K, reserved 1081344K
  class space    used 4463K, committed 4672K, reserved 1048576K
}
Event: 682.019 GC heap after
{Heap after GC invocations=72 (full 63):
 garbage-first heap   total 48128K, used 14065K [0x00000000c0000000, 0x0000000100000000)
  region size 1024K, 0 young (0K), 0 survivors (0K)
 Metaspace       used 34424K, committed 34880K, reserved 1081344K
  class space    used 4463K, committed 4672K, reserved 1048576K
}

Dll operation events (7 events):
Event: 0.010 Loaded shared library c:\Users\Ruan\.vscode\extensions\redhat.java-1.16.0-win32-x64\jre\17.0.6-win32-x86_64\bin\java.dll
Event: 0.465 Loaded shared library C:\Users\Ruan\.vscode\extensions\redhat.java-1.16.0-win32-x64\jre\17.0.6-win32-x86_64\bin\net.dll
Event: 0.505 Loaded shared library C:\Users\Ruan\.vscode\extensions\redhat.java-1.16.0-win32-x64\jre\17.0.6-win32-x86_64\bin\nio.dll
Event: 0.825 Loaded shared library C:\Users\Ruan\.vscode\extensions\redhat.java-1.16.0-win32-x64\jre\17.0.6-win32-x86_64\bin\zip.dll
Event: 5.398 Loaded shared library C:\Users\Ruan\.vscode\extensions\redhat.java-1.16.0-win32-x64\jre\17.0.6-win32-x86_64\bin\jimage.dll
Event: 10.960 Loaded shared library C:\Users\Ruan\.vscode\extensions\redhat.java-1.16.0-win32-x64\jre\17.0.6-win32-x86_64\bin\management.dll
Event: 10.985 Loaded shared library C:\Users\Ruan\.vscode\extensions\redhat.java-1.16.0-win32-x64\jre\17.0.6-win32-x86_64\bin\management_ext.dll

Deoptimization events (4 events):
Event: 7.557 Thread 0x000002bbbe9a19b0 DEOPT PACKING pc=0x000002bbc1b46499 sp=0x000000e2cbafd220
Event: 7.557 Thread 0x000002bbbe9a19b0 DEOPT UNPACKING pc=0x000002bbc1687143 sp=0x000000e2cbafc700 mode 3
Event: 11.308 Thread 0x000002bbca283e90 DEOPT PACKING pc=0x000002bbc1d3a6b5 sp=0x000000e2cd6fd0e0
Event: 11.308 Thread 0x000002bbca283e90 DEOPT UNPACKING pc=0x000002bbc1687143 sp=0x000000e2cd6fc608 mode 3

Classes unloaded (20 events):
Event: 61.443 Thread 0x000002bbc8ee2270 Unloading class 0x0000000100220800 'java/lang/invoke/LambdaForm$MH+0x0000000100220800'
Event: 61.443 Thread 0x000002bbc8ee2270 Unloading class 0x0000000100215000 'java/lang/invoke/LambdaForm$DMH+0x0000000100215000'
Event: 61.443 Thread 0x000002bbc8ee2270 Unloading class 0x0000000100091c00 'java/lang/invoke/LambdaForm$MH+0x0000000100091c00'
Event: 61.443 Thread 0x000002bbc8ee2270 Unloading class 0x0000000100091800 'java/lang/invoke/LambdaForm$MH+0x0000000100091800'
Event: 61.443 Thread 0x000002bbc8ee2270 Unloading class 0x0000000100091400 'java/lang/invoke/LambdaForm$MH+0x0000000100091400'
Event: 61.443 Thread 0x000002bbc8ee2270 Unloading class 0x0000000100091000 'java/lang/invoke/LambdaForm$MH+0x0000000100091000'
Event: 61.443 Thread 0x000002bbc8ee2270 Unloading class 0x0000000100090c00 'java/lang/invoke/LambdaForm$MH+0x0000000100090c00'
Event: 61.443 Thread 0x000002bbc8ee2270 Unloading class 0x0000000100090800 'java/lang/invoke/LambdaForm$MH+0x0000000100090800'
Event: 61.443 Thread 0x000002bbc8ee2270 Unloading class 0x0000000100090400 'java/lang/invoke/LambdaForm$MH+0x0000000100090400'
Event: 61.443 Thread 0x000002bbc8ee2270 Unloading class 0x0000000100090000 'java/lang/invoke/LambdaForm$MH+0x0000000100090000'
Event: 61.443 Thread 0x000002bbc8ee2270 Unloading class 0x000000010008b800 'java/lang/invoke/LambdaForm$MH+0x000000010008b800'
Event: 61.443 Thread 0x000002bbc8ee2270 Unloading class 0x000000010008b400 'java/lang/invoke/LambdaForm$MH+0x000000010008b400'
Event: 61.443 Thread 0x000002bbc8ee2270 Unloading class 0x000000010008b000 'java/lang/invoke/LambdaForm$MH+0x000000010008b000'
Event: 61.443 Thread 0x000002bbc8ee2270 Unloading class 0x000000010008ac00 'java/lang/invoke/LambdaForm$MH+0x000000010008ac00'
Event: 61.443 Thread 0x000002bbc8ee2270 Unloading class 0x000000010008a800 'java/lang/invoke/LambdaForm$MH+0x000000010008a800'
Event: 61.443 Thread 0x000002bbc8ee2270 Unloading class 0x000000010008a400 'java/lang/invoke/LambdaForm$MH+0x000000010008a400'
Event: 61.443 Thread 0x000002bbc8ee2270 Unloading class 0x0000000100089c00 'java/lang/invoke/LambdaForm$MH+0x0000000100089c00'
Event: 61.443 Thread 0x000002bbc8ee2270 Unloading class 0x0000000100089400 'java/lang/invoke/LambdaForm$MH+0x0000000100089400'
Event: 61.443 Thread 0x000002bbc8ee2270 Unloading class 0x0000000100088c00 'java/lang/invoke/LambdaForm$MH+0x0000000100088c00'
Event: 61.443 Thread 0x000002bbc8ee2270 Unloading class 0x0000000100088400 'java/lang/invoke/LambdaForm$MH+0x0000000100088400'

Classes redefined (0 events):
No events

Internal exceptions (20 events):
Event: 8.674 Thread 0x000002bbbe9a19b0 Exception <a 'java/lang/NoSuchMethodError'{0x00000000c628d7e0}: 'int java.lang.invoke.Invokers$Holder.linkToTargetMethod(java.lang.Object, java.lang.Object)'> (0x00000000c628d7e0) 
thrown [s\src\hotspot\share\interpreter\linkResolver.cpp, line 759]
Event: 8.692 Thread 0x000002bbbe9a19b0 Exception <a 'java/lang/NoSuchMethodError'{0x00000000c2760f40}: 'java.lang.Object java.lang.invoke.DirectMethodHandle$Holder.invokeSpecial(java.lang.Object, java.lang.Object, java.lang.Object, java.lang.Object, java.lang.Object, java.lang.Object, java.lang.Object, java.lang.Object, java.lang.Object, java.lang.Object)'> (0x00000000c2760f40) 
thrown [s\src\hotspot\share\interpreter\linkResolver.cpp, line 759]
Event: 8.692 Thread 0x000002bbbe9a19b0 Exception <a 'java/lang/NoSuchMethodError'{0x00000000c2765528}: 'java.lang.Object java.lang.invoke.Invokers$Holder.invoke_MT(java.lang.Object, java.lang.Object, java.lang.Object, java.lang.Object, java.lang.Object, java.lang.Object, java.lang.Object, java.lang.Object, java.lang.Object, java.lang.Object)'> (0x00000000c2765528) 
thrown [s\src\hotspot\share\interpreter\linkResolver.cpp, line 759]
Event: 8.699 Thread 0x000002bbbe9a19b0 Exception <a 'java/lang/NoSuchMethodError'{0x00000000c27ab1a0}: 'java.lang.Object java.lang.invoke.DirectMethodHandle$Holder.invokeSpecial(java.lang.Object, java.lang.Object, int, java.lang.Object, java.lang.Object)'> (0x00000000c27ab1a0) 
thrown [s\src\hotspot\share\interpreter\linkResolver.cpp, line 759]
Event: 8.699 Thread 0x000002bbbe9a19b0 Exception <a 'java/lang/NoSuchMethodError'{0x00000000c27aee48}: 'java.lang.Object java.lang.invoke.DelegatingMethodHandle$Holder.delegate(java.lang.Object, int, java.lang.Object, java.lang.Object)'> (0x00000000c27aee48) 
thrown [s\src\hotspot\share\interpreter\linkResolver.cpp, line 759]
Event: 8.701 Thread 0x000002bbbe9a19b0 Exception <a 'java/lang/NoSuchMethodError'{0x00000000c27bfcd0}: 'int java.lang.invoke.Invokers$Holder.linkToTargetMethod(java.lang.Object, java.lang.Object, java.lang.Object)'> (0x00000000c27bfcd0) 
thrown [s\src\hotspot\share\interpreter\linkResolver.cpp, line 759]
Event: 8.779 Thread 0x000002bbbe9a19b0 Exception <a 'java/lang/NoSuchMethodError'{0x00000000c24362e0}: 'void java.lang.invoke.DirectMethodHandle$Holder.invokeSpecial(java.lang.Object, java.lang.Object, java.lang.Object, java.lang.Object, java.lang.Object, java.lang.Object)'> (0x00000000c24362e0) 
thrown [s\src\hotspot\share\interpreter\linkResolver.cpp, line 759]
Event: 8.836 Thread 0x000002bbbe9a19b0 Exception <a 'java/lang/NoSuchMethodError'{0x00000000c23d2358}: 'java.lang.Object java.lang.invoke.DirectMethodHandle$Holder.invokeStaticInit(java.lang.Object, int, int, int, int)'> (0x00000000c23d2358) 
thrown [s\src\hotspot\share\interpreter\linkResolver.cpp, line 759]
Event: 8.905 Thread 0x000002bbbe9a19b0 Exception <a 'java/lang/NoSuchMethodError'{0x00000000c22418c8}: 'java.lang.Object java.lang.invoke.DirectMethodHandle$Holder.invokeStaticInit(java.lang.Object, java.lang.Object, int, int, int, int)'> (0x00000000c22418c8) 
thrown [s\src\hotspot\share\interpreter\linkResolver.cpp, line 759]
Event: 9.170 Thread 0x000002bbbe9a19b0 Exception <a 'java/lang/NoSuchMethodError'{0x00000000c7ebf198}: 'void java.lang.invoke.DirectMethodHandle$Holder.invokeSpecialIFC(java.lang.Object, java.lang.Object, java.lang.Object)'> (0x00000000c7ebf198) 
thrown [s\src\hotspot\share\interpreter\linkResolver.cpp, line 759]
Event: 10.666 Thread 0x000002bbbe9a19b0 Exception <a 'java/lang/NoSuchMethodError'{0x00000000c68bc858}: 'java.lang.Object java.lang.invoke.DirectMethodHandle$Holder.invokeInterface(java.lang.Object, java.lang.Object, int)'> (0x00000000c68bc858) 
thrown [s\src\hotspot\share\interpreter\linkResolver.cpp, line 759]
Event: 10.668 Thread 0x000002bbbe9a19b0 Exception <a 'java/lang/IncompatibleClassChangeError'{0x00000000c68cf9f0}: Found class java.lang.Object, but interface was expected> (0x00000000c68cf9f0) 
thrown [s\src\hotspot\share\interpreter\linkResolver.cpp, line 826]
Event: 10.928 Thread 0x000002bbbe9a19b0 Exception <a 'java/lang/NoSuchMethodError'{0x00000000c27e0180}: 'java.lang.Object java.lang.invoke.DirectMethodHandle$Holder.newInvokeSpecial(java.lang.Object, java.lang.Object, int, java.lang.Object, java.lang.Object)'> (0x00000000c27e0180) 
thrown [s\src\hotspot\share\interpreter\linkResolver.cpp, line 759]
Event: 10.929 Thread 0x000002bbbe9a19b0 Exception <a 'java/lang/NoSuchMethodError'{0x00000000c27f23c8}: 'java.lang.Object java.lang.invoke.DirectMethodHandle$Holder.invokeSpecial(java.lang.Object, java.lang.Object, int, java.lang.Object, int, java.lang.Object)'> (0x00000000c27f23c8) 
thrown [s\src\hotspot\share\interpreter\linkResolver.cpp, line 759]
Event: 10.929 Thread 0x000002bbbe9a19b0 Exception <a 'java/lang/NoSuchMethodError'{0x00000000c27fa1d0}: 'java.lang.Object java.lang.invoke.DirectMethodHandle$Holder.newInvokeSpecial(java.lang.Object, java.lang.Object, int, java.lang.Object, int)'> (0x00000000c27fa1d0) 
thrown [s\src\hotspot\share\interpreter\linkResolver.cpp, line 759]
Event: 10.930 Thread 0x000002bbbe9a19b0 Exception <a 'java/lang/NoSuchMethodError'{0x00000000c27fe2d0}: 'java.lang.Object java.lang.invoke.DirectMethodHandle$Holder.invokeSpecial(java.lang.Object, java.lang.Object, java.lang.Object, int, java.lang.Object, int)'> (0x00000000c27fe2d0) 
thrown [s\src\hotspot\share\interpreter\linkResolver.cpp, line 759]
Event: 11.305 Thread 0x000002bbca283e90 Exception <a 'java/lang/NoSuchMethodError'{0x00000000c7f821a8}: 'java.lang.Object java.lang.invoke.DirectMethodHandle$Holder.invokeStatic(java.lang.Object, int, java.lang.Object)'> (0x00000000c7f821a8) 
thrown [s\src\hotspot\share\interpreter\linkResolver.cpp, line 759]
Event: 11.340 Thread 0x000002bbcb4b22a0 Exception <a 'java/lang/NoSuchMethodError'{0x00000000c7fcc1e8}: 'java.lang.Object java.lang.invoke.DirectMethodHandle$Holder.invokeStatic(java.lang.Object, java.lang.Object, java.lang.Object, int, java.lang.Object, java.lang.Object)'> (0x00000000c7fcc1e8) 
thrown [s\src\hotspot\share\interpreter\linkResolver.cpp, line 759]
Event: 51.029 Thread 0x000002bbcb8d9420 Exception <a 'java/lang/NoSuchMethodError'{0x00000000c695d590}: 'void java.lang.invoke.DirectMethodHandle$Holder.invokeStatic(java.lang.Object, long)'> (0x00000000c695d590) 
thrown [s\src\hotspot\share\interpreter\linkResolver.cpp, line 759]
Event: 51.038 Thread 0x000002bbcb8d9420 Exception <a 'java/lang/NoSuchMethodError'{0x00000000c6962938}: 'java.lang.Object java.lang.invoke.DirectMethodHandle$Holder.newInvokeSpecial(java.lang.Object, long)'> (0x00000000c6962938) 
thrown [s\src\hotspot\share\interpreter\linkResolver.cpp, line 759]

VM Operations (20 events):
Event: 590.292 Executing VM operation: G1CollectFull done
Event: 600.446 Executing VM operation: G1CollectFull
Event: 600.465 Executing VM operation: G1CollectFull done
Event: 610.628 Executing VM operation: G1CollectFull
Event: 610.647 Executing VM operation: G1CollectFull done
Event: 620.872 Executing VM operation: G1CollectFull
Event: 620.891 Executing VM operation: G1CollectFull done
Event: 631.077 Executing VM operation: G1CollectFull
Event: 631.096 Executing VM operation: G1CollectFull done
Event: 641.248 Executing VM operation: G1CollectFull
Event: 641.268 Executing VM operation: G1CollectFull done
Event: 651.424 Executing VM operation: G1CollectFull
Event: 651.442 Executing VM operation: G1CollectFull done
Event: 661.601 Executing VM operation: G1CollectFull
Event: 661.620 Executing VM operation: G1CollectFull done
Event: 671.778 Executing VM operation: G1CollectFull
Event: 671.798 Executing VM operation: G1CollectFull done
Event: 681.998 Executing VM operation: G1CollectFull
Event: 682.019 Executing VM operation: G1CollectFull done
Event: 692.086 Executing VM operation: G1CollectFull

Events (20 events):
Event: 11.376 loading class java/util/concurrent/CompletableFuture$UniRelay
Event: 11.376 loading class java/util/concurrent/CompletableFuture$UniRelay done
Event: 16.377 Thread 0x000002bbc9b02340 Thread exited: 0x000002bbc9b02340
Event: 21.382 Thread 0x000002bbc9afd670 Thread exited: 0x000002bbc9afd670
Event: 50.992 loading class java/lang/ProcessBuilder
Event: 51.005 loading class java/lang/ProcessBuilder done
Event: 51.007 loading class java/lang/ProcessImpl
Event: 51.013 loading class java/lang/Process
Event: 51.014 loading class java/lang/Process done
Event: 51.014 loading class java/lang/ProcessImpl done
Event: 51.040 loading class java/lang/ProcessImpl$2
Event: 51.041 loading class java/lang/ProcessImpl$2 done
Event: 51.041 loading class java/lang/Process$PipeInputStream
Event: 51.042 loading class java/lang/Process$PipeInputStream done
Event: 51.051 loading class jdk/internal/event/ProcessStartEvent
Event: 51.060 loading class jdk/internal/event/ProcessStartEvent done
Event: 51.195 loading class java/io/FileOutputStream$1
Event: 51.196 loading class java/io/FileOutputStream$1 done
Event: 71.388 Thread 0x000002bbca3df840 Thread exited: 0x000002bbca3df840
Event: 72.210 Thread 0x000002bbcb566140 Thread exited: 0x000002bbcb566140


Dynamic libraries:
0x00007ff6dae70000 - 0x00007ff6dae7e000 	c:\Users\Ruan\.vscode\extensions\redhat.java-1.16.0-win32-x64\jre\17.0.6-win32-x86_64\bin\java.exe
0x00007ffe920d0000 - 0x00007ffe922c8000 	C:\Windows\SYSTEM32\ntdll.dll
0x00007ffe90840000 - 0x00007ffe908ff000 	C:\Windows\System32\KERNEL32.DLL
0x00007ffe8fb00000 - 0x00007ffe8fdd2000 	C:\Windows\System32\KERNELBASE.dll
0x00007ffe8fe10000 - 0x00007ffe8ff10000 	C:\Windows\System32\ucrtbase.dll
0x00007ffe82420000 - 0x00007ffe82439000 	c:\Users\Ruan\.vscode\extensions\redhat.java-1.16.0-win32-x64\jre\17.0.6-win32-x86_64\bin\VCRUNTIME140.dll
0x00007ffe84330000 - 0x00007ffe84347000 	c:\Users\Ruan\.vscode\extensions\redhat.java-1.16.0-win32-x64\jre\17.0.6-win32-x86_64\bin\jli.dll
0x00007ffe90400000 - 0x00007ffe905a1000 	C:\Windows\System32\USER32.dll
0x00007ffe8fde0000 - 0x00007ffe8fe02000 	C:\Windows\System32\win32u.dll
0x00007ffe91010000 - 0x00007ffe9103b000 	C:\Windows\System32\GDI32.dll
0x00007ffe6ce10000 - 0x00007ffe6d0aa000 	C:\Windows\WinSxS\amd64_microsoft.windows.common-controls_6595b64144ccf1df_6.0.19041.1110_none_60b5254171f9507e\COMCTL32.dll
0x00007ffe8f950000 - 0x00007ffe8fa5f000 	C:\Windows\System32\gdi32full.dll
0x00007ffe8f7d0000 - 0x00007ffe8f86d000 	C:\Windows\System32\msvcp_win.dll
0x00007ffe90120000 - 0x00007ffe901be000 	C:\Windows\System32\msvcrt.dll
0x00007ffe910a0000 - 0x00007ffe910d0000 	C:\Windows\System32\IMM32.DLL
0x00007ffe75050000 - 0x00007ffe7505c000 	c:\Users\Ruan\.vscode\extensions\redhat.java-1.16.0-win32-x64\jre\17.0.6-win32-x86_64\bin\vcruntime140_1.dll
0x00007ffe1aff0000 - 0x00007ffe1b081000 	c:\Users\Ruan\.vscode\extensions\redhat.java-1.16.0-win32-x64\jre\17.0.6-win32-x86_64\bin\msvcp140.dll
0x00007ffe1a3a0000 - 0x00007ffe1afe7000 	c:\Users\Ruan\.vscode\extensions\redhat.java-1.16.0-win32-x64\jre\17.0.6-win32-x86_64\bin\server\jvm.dll
0x00007ffe901c0000 - 0x00007ffe9026e000 	C:\Windows\System32\ADVAPI32.dll
0x00007ffe90350000 - 0x00007ffe903ec000 	C:\Windows\System32\sechost.dll
0x00007ffe913a0000 - 0x00007ffe914c4000 	C:\Windows\System32\RPCRT4.dll
0x00007ffe74f80000 - 0x00007ffe74f89000 	C:\Windows\SYSTEM32\WSOCK32.dll
0x00007ffe6fdf0000 - 0x00007ffe6fe17000 	C:\Windows\SYSTEM32\WINMM.dll
0x00007ffe910d0000 - 0x00007ffe9113b000 	C:\Windows\System32\WS2_32.dll
0x00007ffe863a0000 - 0x00007ffe863aa000 	C:\Windows\SYSTEM32\VERSION.dll
0x00007ffe8d670000 - 0x00007ffe8d682000 	C:\Windows\SYSTEM32\kernel.appcore.dll
0x00007ffe74e10000 - 0x00007ffe74e1a000 	c:\Users\Ruan\.vscode\extensions\redhat.java-1.16.0-win32-x64\jre\17.0.6-win32-x86_64\bin\jimage.dll
0x00007ffe87f40000 - 0x00007ffe88124000 	C:\Windows\SYSTEM32\DBGHELP.DLL
0x00007ffe863b0000 - 0x00007ffe863e5000 	C:\Windows\SYSTEM32\dbgcore.DLL
0x00007ffe8f8c0000 - 0x00007ffe8f942000 	C:\Windows\System32\bcryptPrimitives.dll
0x00007ffe57560000 - 0x00007ffe57585000 	c:\Users\Ruan\.vscode\extensions\redhat.java-1.16.0-win32-x64\jre\17.0.6-win32-x86_64\bin\java.dll
0x00007ffe58b90000 - 0x00007ffe58ba8000 	c:\Users\Ruan\.vscode\extensions\redhat.java-1.16.0-win32-x64\jre\17.0.6-win32-x86_64\bin\zip.dll
0x00007ffe91940000 - 0x00007ffe92085000 	C:\Windows\System32\SHELL32.dll
0x00007ffe8d870000 - 0x00007ffe8e002000 	C:\Windows\SYSTEM32\windows.storage.dll
0x00007ffe90a40000 - 0x00007ffe90d95000 	C:\Windows\System32\combase.dll
0x00007ffe8f070000 - 0x00007ffe8f0a0000 	C:\Windows\SYSTEM32\Wldp.dll
0x00007ffe90650000 - 0x00007ffe906fd000 	C:\Windows\System32\SHCORE.dll
0x00007ffe91040000 - 0x00007ffe91095000 	C:\Windows\System32\shlwapi.dll
0x00007ffe8f710000 - 0x00007ffe8f72f000 	C:\Windows\SYSTEM32\profapi.dll
0x00007ffe57540000 - 0x00007ffe57559000 	C:\Users\Ruan\.vscode\extensions\redhat.java-1.16.0-win32-x64\jre\17.0.6-win32-x86_64\bin\net.dll
0x00007ffe89e80000 - 0x00007ffe89f8a000 	C:\Windows\SYSTEM32\WINHTTP.dll
0x00007ffe8ee50000 - 0x00007ffe8eeba000 	C:\Windows\system32\mswsock.dll
0x00007ffe56840000 - 0x00007ffe56855000 	C:\Users\Ruan\.vscode\extensions\redhat.java-1.16.0-win32-x64\jre\17.0.6-win32-x86_64\bin\nio.dll
0x00007ffe8f0b0000 - 0x00007ffe8f0c8000 	C:\Windows\SYSTEM32\CRYPTSP.dll
0x00007ffe8e790000 - 0x00007ffe8e7c4000 	C:\Windows\system32\rsaenh.dll
0x00007ffe8fa60000 - 0x00007ffe8fa87000 	C:\Windows\System32\bcrypt.dll
0x00007ffe8f6d0000 - 0x00007ffe8f6fe000 	C:\Windows\SYSTEM32\USERENV.dll
0x00007ffe8efe0000 - 0x00007ffe8efec000 	C:\Windows\SYSTEM32\CRYPTBASE.dll
0x00007ffe8eb60000 - 0x00007ffe8eb9b000 	C:\Windows\SYSTEM32\IPHLPAPI.DLL
0x00007ffe90da0000 - 0x00007ffe90da8000 	C:\Windows\System32\NSI.dll
0x00007ffe8a150000 - 0x00007ffe8a167000 	C:\Windows\SYSTEM32\dhcpcsvc6.DLL
0x00007ffe8a0e0000 - 0x00007ffe8a0fd000 	C:\Windows\SYSTEM32\dhcpcsvc.DLL
0x00007ffe8eba0000 - 0x00007ffe8ec6b000 	C:\Windows\SYSTEM32\DNSAPI.dll
0x00007ffe8a4e0000 - 0x00007ffe8a4e9000 	C:\Users\Ruan\.vscode\extensions\redhat.java-1.16.0-win32-x64\jre\17.0.6-win32-x86_64\bin\management.dll
0x00007ffe8a490000 - 0x00007ffe8a49b000 	C:\Users\Ruan\.vscode\extensions\redhat.java-1.16.0-win32-x64\jre\17.0.6-win32-x86_64\bin\management_ext.dll
0x00007ffe903f0000 - 0x00007ffe903f8000 	C:\Windows\System32\PSAPI.DLL

dbghelp: loaded successfully - version: 4.0.5 - missing functions: none
symbol engine: initialized successfully - sym options: 0x614 - pdb path: .;c:\Users\Ruan\.vscode\extensions\redhat.java-1.16.0-win32-x64\jre\17.0.6-win32-x86_64\bin;C:\Windows\SYSTEM32;C:\Windows\WinSxS\amd64_microsoft.windows.common-controls_6595b64144ccf1df_6.0.19041.1110_none_60b5254171f9507e;c:\Users\Ruan\.vscode\extensions\redhat.java-1.16.0-win32-x64\jre\17.0.6-win32-x86_64\bin\server

VM Arguments:
jvm_args: -XX:+HeapDumpOnOutOfMemoryError -Xmx1024m -Dsts.lsp.client=vscode -Dsts.log.file=/dev/null -XX:TieredStopAtLevel=1 -Xlog:jni+resolve=off -Dspring.config.location=file:c:\Users\Ruan\.vscode\extensions\vmware.vscode-spring-boot-1.45.0\language-server\BOOT-INF\classes\application.properties 
java_command: org.springframework.ide.vscode.boot.app.BootLanguageServerBootApp
java_class_path (initial): c:\Users\Ruan\.vscode\extensions\vmware.vscode-spring-boot-1.45.0\language-server\BOOT-INF\classes;c:\Users\Ruan\.vscode\extensions\vmware.vscode-spring-boot-1.45.0\language-server\BOOT-INF\lib\annotations-24.0.1.jar;c:\Users\Ruan\.vscode\extensions\vmware.vscode-spring-boot-1.45.0\language-server\BOOT-INF\lib\ant-1.10.13.jar;c:\Users\Ruan\.vscode\extensions\vmware.vscode-spring-boot-1.45.0\language-server\BOOT-INF\lib\ant-launcher-1.10.13.jar;c:\Users\Ruan\.vscode\extensions\vmware.vscode-spring-boot-1.45.0\language-server\BOOT-INF\lib\antlr-runtime-3.5.3.jar;c:\Users\Ruan\.vscode\extensions\vmware.vscode-spring-boot-1.45.0\language-server\BOOT-INF\lib\antlr4-4.11.1.jar;c:\Users\Ruan\.vscode\extensions\vmware.vscode-spring-boot-1.45.0\language-server\BOOT-INF\lib\antlr4-runtime-4.11.1.jar;c:\Users\Ruan\.vscode\extensions\vmware.vscode-spring-boot-1.45.0\language-server\BOOT-INF\lib\asm-9.4.jar;c:\Users\Ruan\.vscode\extensions\vmware.vscode-spring-boot-1.45.0\language-server\BOOT-INF\lib\asm-analysis-9.4.jar;c:\Users\Ruan\.vscode\extensions\vmware.vscode-spring-boot-1.45.0\language-server\BOOT-INF\lib\asm-tree-9.4.jar;c:\Users\Ruan\.vscode\extensions\vmware.vscode-spring-boot-1.45.0\language-server\BOOT-INF\lib\asm-util-9.4.jar;c:\Users\Ruan\.vscode\extensions\vmware.vscode-spring-boot-1.45.0\language-server\BOOT-INF\lib\caffeine-3.1.2.jar;c:\Users\Ruan\.vscode\extensions\vmware.vscode-spring-boot-1.45.0\language-server\BOOT-INF\lib\checker-qual-3.12.0.jar;c:\Users\Ruan\.vscode\extensions\vmware.vscode-spring-boot-1.45.0\language-server\BOOT-INF\lib\classgraph-4.8.149.jar;c:\Users\Ruan\.vscode\extensions\vmware.vscode-spring-boot-1.45.0\language-server\BOOT-INF\lib\commons-codec-1.15.jar;c:\Users\Ruan\.vscode\extensions\vmware.vscode-spring-boot-1.45.0\language-server\BOOT-INF\lib\commons-compress-1.22.jar;c:\Users\Ruan\.vscode\extensions\vmware.vscode-spring-boot-1.45.0\language-server\BOOT-INF\lib\commons-io-2.4.jar;c:\Users\Ruan\.vsco
Launcher Type: SUN_STANDARD

[Global flags]
     intx CICompilerCount                          = 3                                         {product} {ergonomic}
     uint ConcGCThreads                            = 1                                         {product} {ergonomic}
     uint G1ConcRefinementThreads                  = 4                                         {product} {ergonomic}
   size_t G1HeapRegionSize                         = 1048576                                   {product} {ergonomic}
    uintx GCDrainStackTargetSize                   = 64                                        {product} {ergonomic}
     bool HeapDumpOnOutOfMemoryError               = true                                   {manageable} {command line}
   size_t InitialHeapSize                          = 134217728                                 {product} {ergonomic}
   size_t MarkStackSize                            = 4194304                                   {product} {ergonomic}
   size_t MaxHeapSize                              = 1073741824                                {product} {command line}
   size_t MaxNewSize                               = 643825664                                 {product} {ergonomic}
   size_t MinHeapDeltaBytes                        = 1048576                                   {product} {ergonomic}
   size_t MinHeapSize                              = 8388608                                   {product} {ergonomic}
    uintx NonProfiledCodeHeapSize                  = 0                                      {pd product} {ergonomic}
     bool ProfileInterpreter                       = false                                  {pd product} {command line}
    uintx ProfiledCodeHeapSize                     = 0                                      {pd product} {ergonomic}
   size_t SoftMaxHeapSize                          = 1073741824                             {manageable} {ergonomic}
     intx TieredStopAtLevel                        = 1                                         {product} {command line}
     bool UseCompressedClassPointers               = true                           {product lp64_product} {ergonomic}
     bool UseCompressedOops                        = true                           {product lp64_product} {ergonomic}
     bool UseG1GC                                  = true                                      {product} {ergonomic}
     bool UseLargePagesIndividualAllocation        = false                                  {pd product} {ergonomic}

Logging:
Log output configuration:
 #0: stdout all=warning,jni+resolve=off uptime,level,tags
 #1: stderr all=off uptime,level,tags

Environment Variables:
JAVA_HOME=C:\Program Files\Java\jdk-19
PATH=C:\Program Files\Common Files\Oracle\Java\javapath;C:\Program Files (x86)\Common Files\Oracle\Java\javapath;C:\Windows\system32;C:\Windows;C:\Windows\System32\Wbem;C:\Windows\System32\WindowsPowerShell\v1.0\;C:\Windows\System32\OpenSSH\;C:\Program Files\nodejs\;C:\Program Files\Git\cmd;C:\Program Files\Java\jdk-19\bin;;C:\Program Files\Docker\Docker\resources\bin;C:\Program Files\MySQL\MySQL Shell 8.0\bin\;C:\Users\Ruan\AppData\Local\Microsoft\WindowsApps;C:\Users\Ruan\AppData\Roaming\npm;C:\Users\Ruan\AppData\Local\Programs\Microsoft VS Code\bin;C:\Users\Ruan\Desktop\apache-maven-3.8.7\bin;
USERNAME=Ruan
OS=Windows_NT
PROCESSOR_IDENTIFIER=Intel64 Family 6 Model 60 Stepping 3, GenuineIntel
TMP=C:\Users\Ruan\AppData\Local\Temp
TEMP=C:\Users\Ruan\AppData\Local\Temp



---------------  S Y S T E M  ---------------

OS:
 Windows 10 , 64 bit Build 19041 (10.0.19041.2546)
OS uptime: 2 days 10:01 hours
Hyper-V role detected

CPU: total 4 (initial active 4) (4 cores per cpu, 1 threads per core) family 6 model 60 stepping 3 microcode 0x27, cx8, cmov, fxsr, mmx, sse, sse2, sse3, ssse3, sse4.1, sse4.2, popcnt, lzcnt, tsc, tscinvbit, avx, avx2, aes, erms, clmul, bmi1, bmi2, fma, vzeroupper, clflush, hv

Memory: 4k page, system-wide physical 8086M (284M free)
TotalPageFile size 32662M (AvailPageFile size 0M)
current process WorkingSet (physical memory assigned to process): 37M, peak: 129M
current process commit charge ("private bytes"): 159M, peak: 223M

vm_info: OpenJDK 64-Bit Server VM (17.0.6+10) for windows-amd64 JRE (17.0.6+10), built on Jan 18 2023 10:08:59 by "temurin" with MS VC++ 16.7 (VS2019)

END.
